#-----------------------------------------------------------
# Vivado v2019.1 (64-bit)
# SW Build 2552052 on Fri May 24 14:49:42 MDT 2019
# IP Build 2548770 on Fri May 24 18:01:18 MDT 2019
# Start of session at: Wed Feb 22 17:33:40 2023
# Process ID: 11920
# Current directory: F:/Task/Mini_Complete/SRT/srt_div
# Command line: vivado.exe -gui_launcher_event rodinguilauncherevent404 F:\Task\Mini_Complete\SRT\srt_div\srt_div.xpr
# Log file: F:/Task/Mini_Complete/SRT/srt_div/vivado.log
# Journal file: F:/Task/Mini_Complete/SRT/srt_div\vivado.jou
#-----------------------------------------------------------
start_gui
open_project F:/Task/Mini_Complete/SRT/srt_div/srt_div.xpr
INFO: [Project 1-313] Project file moved from 'D:/Task/zuoye/SRT/srt_div' since last save.
Scanning sources...
Finished scanning sources
INFO: [Project 1-230] Project 'srt_div.xpr' upgraded for this version of Vivado.
INFO: [IP_Flow 19-234] Refreshing IP repositories
INFO: [IP_Flow 19-1704] No user IP repositories specified
INFO: [IP_Flow 19-2313] Loaded Vivado IP repository 'C:/Xilinx/Vivado/2019.1/data/ip'.
open_project: Time (s): cpu = 00:00:10 ; elapsed = 00:00:08 . Memory (MB): peak = 778.219 ; gain = 162.395
update_compile_order -fileset sources_1
exit
INFO: [Common 17-206] Exiting Vivado at Wed Feb 22 17:45:35 2023...
